[11:01:28] [INFO] ModConfig Loaded: true
[11:01:29] [INFO] JEI: Compost Recipe Pages Loaded:         4
[11:01:29] [INFO] JEI: Fluid Item Transform Recipes Loaded:       25
[11:01:29] [INFO] JEI: Fluid On Top Recipes Loaded:       2
[11:01:29] [INFO] JEI: Fluid Transform Recipes Loaded:    1
[11:01:29] [INFO] JEI: Hammer Recipes Loaded:             23
[11:01:29] [INFO] JEI: Crook Recipes Loaded:              2
[11:01:29] [INFO] JEI: Heat Sources Loaded:             12
[11:01:29] [INFO] JEI: Sieve Recipes Loaded:              25
[11:01:29] [INFO] JEI: Stone Crucible Recipes Loaded:       1
[11:01:29] [INFO] JEI: Wood Crucible Recipes Loaded:        1
[11:01:29] [INFO] Registered Crook Catalyst: enderio:item_dark_steel_crook
[11:01:29] [INFO] Registered Hammer Catalyst: exnihilocreatio:hammer_wood
[11:01:29] [INFO] Registered Hammer Catalyst: exnihilocreatio:hammer_stone
[11:01:29] [INFO] Registered Hammer Catalyst: exnihilocreatio:hammer_iron
[11:01:29] [INFO] Registered Hammer Catalyst: exnihilocreatio:hammer_diamond
[11:01:29] [INFO] Registered Hammer Catalyst: exnihilocreatio:hammer_gold
[11:01:29] [INFO] Registered Crook Catalyst: exnihilocreatio:crook_wood
[11:01:29] [INFO] Registered Crook Catalyst: exnihilocreatio:crook_stone
[11:01:29] [INFO] Registered Crook Catalyst: exnihilocreatio:crook_andesite
[11:01:29] [INFO] Registered Crook Catalyst: exnihilocreatio:crook_granite
[11:01:29] [INFO] Registered Crook Catalyst: exnihilocreatio:crook_diorite
[11:01:29] [INFO] Registered Crook Catalyst: exnihilocreatio:crook_gold
[11:01:29] [INFO] Registered Crook Catalyst: exnihilocreatio:crook_iron
[11:01:29] [INFO] Registered Crook Catalyst: exnihilocreatio:crook_diamond
[11:01:29] [INFO] Registered Crook Catalyst: exnihilocreatio:crook_bone
[11:01:29] [INFO] Registered Crook Catalyst: exnihilocreatio:crook_clay_uncooked
[11:01:29] [INFO] Registered Crook Catalyst: exnihilocreatio:crook_clay
[11:01:29] [INFO] Registered Crook Catalyst: exnihilocreatio:crook_prismarine
[11:01:29] [INFO] Registered Crook Catalyst: exnihilocreatio:crook_netherrack
[11:01:29] [INFO] Registered Crook Catalyst: exnihilocreatio:crook_purpur
[11:01:29] [INFO] Registered Crook Catalyst: exnihilocreatio:crook_blaze
[11:01:29] [INFO] Registered Crook Catalyst: exnihilocreatio:crook_tconstruct
[11:01:29] [INFO] Registered Hammer Catalyst: tcomplement:sledge_hammer
