[09:33:33] [INFO] ModConfig Loaded: true
[09:33:33] [INFO] JEI: Compost Recipe Pages Loaded:         4
[09:33:33] [INFO] JEI: Fluid Item Transform Recipes Loaded:       25
[09:33:33] [INFO] JEI: Fluid On Top Recipes Loaded:       2
[09:33:33] [INFO] JEI: Fluid Transform Recipes Loaded:    1
[09:33:33] [INFO] JEI: Hammer Recipes Loaded:             23
[09:33:33] [INFO] JEI: Crook Recipes Loaded:              2
[09:33:33] [INFO] JEI: Heat Sources Loaded:             12
[09:33:33] [INFO] JEI: Sieve Recipes Loaded:              25
[09:33:33] [INFO] JEI: Stone Crucible Recipes Loaded:       1
[09:33:33] [INFO] JEI: Wood Crucible Recipes Loaded:        1
[09:33:33] [INFO] Registered Crook Catalyst: enderio:item_dark_steel_crook
[09:33:33] [INFO] Registered Hammer Catalyst: exnihilocreatio:hammer_wood
[09:33:33] [INFO] Registered Hammer Catalyst: exnihilocreatio:hammer_stone
[09:33:33] [INFO] Registered Hammer Catalyst: exnihilocreatio:hammer_iron
[09:33:33] [INFO] Registered Hammer Catalyst: exnihilocreatio:hammer_diamond
[09:33:33] [INFO] Registered Hammer Catalyst: exnihilocreatio:hammer_gold
[09:33:33] [INFO] Registered Crook Catalyst: exnihilocreatio:crook_wood
[09:33:33] [INFO] Registered Crook Catalyst: exnihilocreatio:crook_stone
[09:33:33] [INFO] Registered Crook Catalyst: exnihilocreatio:crook_andesite
[09:33:33] [INFO] Registered Crook Catalyst: exnihilocreatio:crook_granite
[09:33:33] [INFO] Registered Crook Catalyst: exnihilocreatio:crook_diorite
[09:33:33] [INFO] Registered Crook Catalyst: exnihilocreatio:crook_gold
[09:33:33] [INFO] Registered Crook Catalyst: exnihilocreatio:crook_iron
[09:33:33] [INFO] Registered Crook Catalyst: exnihilocreatio:crook_diamond
[09:33:33] [INFO] Registered Crook Catalyst: exnihilocreatio:crook_bone
[09:33:33] [INFO] Registered Crook Catalyst: exnihilocreatio:crook_clay_uncooked
[09:33:33] [INFO] Registered Crook Catalyst: exnihilocreatio:crook_clay
[09:33:33] [INFO] Registered Crook Catalyst: exnihilocreatio:crook_prismarine
[09:33:33] [INFO] Registered Crook Catalyst: exnihilocreatio:crook_netherrack
[09:33:33] [INFO] Registered Crook Catalyst: exnihilocreatio:crook_purpur
[09:33:33] [INFO] Registered Crook Catalyst: exnihilocreatio:crook_blaze
[09:33:33] [INFO] Registered Crook Catalyst: exnihilocreatio:crook_tconstruct
[09:33:33] [INFO] Registered Hammer Catalyst: tcomplement:sledge_hammer
