[14:53:40] [INFO] ModConfig Loaded: true
[14:53:40] [INFO] JEI: Compost Recipe Pages Loaded:         4
[14:53:40] [INFO] JEI: Fluid Item Transform Recipes Loaded:       25
[14:53:40] [INFO] JEI: Fluid On Top Recipes Loaded:       2
[14:53:40] [INFO] JEI: Fluid Transform Recipes Loaded:    1
[14:53:40] [INFO] JEI: Hammer Recipes Loaded:             23
[14:53:40] [INFO] JEI: Crook Recipes Loaded:              2
[14:53:40] [INFO] JEI: Heat Sources Loaded:             12
[14:53:40] [INFO] JEI: Sieve Recipes Loaded:              25
[14:53:40] [INFO] JEI: Stone Crucible Recipes Loaded:       1
[14:53:40] [INFO] JEI: Wood Crucible Recipes Loaded:        1
[14:53:40] [INFO] Registered Crook Catalyst: enderio:item_dark_steel_crook
[14:53:40] [INFO] Registered Hammer Catalyst: exnihilocreatio:hammer_wood
[14:53:40] [INFO] Registered Hammer Catalyst: exnihilocreatio:hammer_stone
[14:53:40] [INFO] Registered Hammer Catalyst: exnihilocreatio:hammer_iron
[14:53:40] [INFO] Registered Hammer Catalyst: exnihilocreatio:hammer_diamond
[14:53:40] [INFO] Registered Hammer Catalyst: exnihilocreatio:hammer_gold
[14:53:40] [INFO] Registered Crook Catalyst: exnihilocreatio:crook_wood
[14:53:40] [INFO] Registered Crook Catalyst: exnihilocreatio:crook_stone
[14:53:40] [INFO] Registered Crook Catalyst: exnihilocreatio:crook_andesite
[14:53:40] [INFO] Registered Crook Catalyst: exnihilocreatio:crook_granite
[14:53:40] [INFO] Registered Crook Catalyst: exnihilocreatio:crook_diorite
[14:53:40] [INFO] Registered Crook Catalyst: exnihilocreatio:crook_gold
[14:53:40] [INFO] Registered Crook Catalyst: exnihilocreatio:crook_iron
[14:53:40] [INFO] Registered Crook Catalyst: exnihilocreatio:crook_diamond
[14:53:40] [INFO] Registered Crook Catalyst: exnihilocreatio:crook_bone
[14:53:40] [INFO] Registered Crook Catalyst: exnihilocreatio:crook_clay_uncooked
[14:53:40] [INFO] Registered Crook Catalyst: exnihilocreatio:crook_clay
[14:53:40] [INFO] Registered Crook Catalyst: exnihilocreatio:crook_prismarine
[14:53:40] [INFO] Registered Crook Catalyst: exnihilocreatio:crook_netherrack
[14:53:40] [INFO] Registered Crook Catalyst: exnihilocreatio:crook_purpur
[14:53:40] [INFO] Registered Crook Catalyst: exnihilocreatio:crook_blaze
[14:53:40] [INFO] Registered Crook Catalyst: exnihilocreatio:crook_tconstruct
[14:53:40] [INFO] Registered Hammer Catalyst: tcomplement:sledge_hammer
