[08:14:09] [INFO] ModConfig Loaded: true
[08:14:09] [INFO] JEI: Compost Recipe Pages Loaded:         4
[08:14:09] [INFO] JEI: Fluid Item Transform Recipes Loaded:       25
[08:14:09] [INFO] JEI: Fluid On Top Recipes Loaded:       2
[08:14:09] [INFO] JEI: Fluid Transform Recipes Loaded:    1
[08:14:09] [INFO] JEI: Hammer Recipes Loaded:             23
[08:14:09] [INFO] JEI: Crook Recipes Loaded:              2
[08:14:09] [INFO] JEI: Heat Sources Loaded:             12
[08:14:09] [INFO] JEI: Sieve Recipes Loaded:              25
[08:14:10] [INFO] JEI: Stone Crucible Recipes Loaded:       1
[08:14:10] [INFO] JEI: Wood Crucible Recipes Loaded:        1
[08:14:10] [INFO] Registered Crook Catalyst: enderio:item_dark_steel_crook
[08:14:10] [INFO] Registered Hammer Catalyst: exnihilocreatio:hammer_wood
[08:14:10] [INFO] Registered Hammer Catalyst: exnihilocreatio:hammer_stone
[08:14:10] [INFO] Registered Hammer Catalyst: exnihilocreatio:hammer_iron
[08:14:10] [INFO] Registered Hammer Catalyst: exnihilocreatio:hammer_diamond
[08:14:10] [INFO] Registered Hammer Catalyst: exnihilocreatio:hammer_gold
[08:14:10] [INFO] Registered Crook Catalyst: exnihilocreatio:crook_wood
[08:14:10] [INFO] Registered Crook Catalyst: exnihilocreatio:crook_stone
[08:14:10] [INFO] Registered Crook Catalyst: exnihilocreatio:crook_andesite
[08:14:10] [INFO] Registered Crook Catalyst: exnihilocreatio:crook_granite
[08:14:10] [INFO] Registered Crook Catalyst: exnihilocreatio:crook_diorite
[08:14:10] [INFO] Registered Crook Catalyst: exnihilocreatio:crook_gold
[08:14:10] [INFO] Registered Crook Catalyst: exnihilocreatio:crook_iron
[08:14:10] [INFO] Registered Crook Catalyst: exnihilocreatio:crook_diamond
[08:14:10] [INFO] Registered Crook Catalyst: exnihilocreatio:crook_bone
[08:14:10] [INFO] Registered Crook Catalyst: exnihilocreatio:crook_clay_uncooked
[08:14:10] [INFO] Registered Crook Catalyst: exnihilocreatio:crook_clay
[08:14:10] [INFO] Registered Crook Catalyst: exnihilocreatio:crook_prismarine
[08:14:10] [INFO] Registered Crook Catalyst: exnihilocreatio:crook_netherrack
[08:14:10] [INFO] Registered Crook Catalyst: exnihilocreatio:crook_purpur
[08:14:10] [INFO] Registered Crook Catalyst: exnihilocreatio:crook_blaze
[08:14:10] [INFO] Registered Crook Catalyst: exnihilocreatio:crook_tconstruct
[08:14:10] [INFO] Registered Hammer Catalyst: tcomplement:sledge_hammer
